Arguments: 
  /usr/local/bin/node /usr/local/bin/yarn

PATH: 
  /home/syed/.local/share/solana/install/active_release/bin:/home/syed/.cargo/bin:/home/syed/.local/bin:/home/syed/bin:/usr/local/sbin:/usr/local/bin:/usr/sbin:/usr/bin:/sbin:/bin:/usr/games:/usr/local/games:/snap/bin:/home/syed/go/bin:/usr/local/go/bin:/root/.local/bin

Yarn version: 
  1.22.11

Node version: 
  14.18.0

Platform: 
  linux x64

Trace: 
  Error: getaddrinfo EAI_AGAIN registry.yarnpkg.com
      at GetAddrInfoReqWrap.onlookup [as oncomplete] (dns.js:71:26)

npm manifest: 
  {
    "name": "buildspace-solana",
    "version": "0.1.0",
    "private": true,
    "dependencies": {
      "@project-serum/anchor": "^0.18.0",
      "@solana/web3.js": "^1.30.2",
      "@testing-library/jest-dom": "^5.11.4",
      "@testing-library/react": "^11.1.0",
      "@testing-library/user-event": "^12.1.10",
      "react": "^17.0.2",
      "react-dom": "^17.0.2",
      "react-scripts": "4.0.3",
      "web-vitals": "^1.0.1"
    },
    "scripts": {
      "start": "react-scripts start",
      "build": "react-scripts build",
      "test": "react-scripts test",
      "eject": "react-scripts eject"
    },
    "eslintConfig": {
      "extends": [
        "react-app",
        "react-app/jest"
      ]
    },
    "browserslist": {
      "production": [
        ">0.2%",
        "not dead",
        "not op_mini all"
      ],
      "development": [
        "last 1 chrome version",
        "last 1 firefox version",
        "last 1 safari version"
      ]
    }
  }

yarn manifest: 
  No manifest

Lockfile: 
  No lockfile
